TN:
SF:vue/src/components/Test.vue
FN:10,__returned__.props
FNF:1
FNH:1
FNDA:10,__returned__.props
DA:1,1
DA:2,1
DA:3,1
DA:4,1
DA:5,1
DA:6,1
DA:7,1
DA:8,1
DA:9,1
DA:10,1
DA:11,1
DA:12,9
DA:13,9
DA:14,9
DA:15,9
DA:16,8
DA:17,8
DA:18,8
DA:19,8
DA:20,8
DA:21,8
DA:22,8
DA:23,8
DA:24,8
DA:25,8
DA:26,1
DA:27,8
DA:28,8
DA:29,8
DA:30,8
DA:31,9
DA:32,9
DA:33,9
DA:34,9
DA:35,1
DA:36,1
DA:37,1
DA:38,1
DA:39,1
DA:40,1
DA:41,1
DA:42,1
DA:43,1
DA:44,1
DA:45,1
DA:46,1
DA:47,1
DA:48,1
DA:49,1
DA:50,1
DA:51,1
DA:52,1
DA:53,1
DA:54,1
DA:55,1
LF:55
LH:55
BRDA:10,0,0,10
BRDA:11,1,0,9
BRDA:15,2,0,8
BRDA:16,3,0,6
BRDA:20,4,0,2
BRDA:24,5,0,6
BRDA:25,6,0,1
BRF:7
BRH:7
end_of_record
