TN:
SF:vue/src/components/Test.vue
FN:16,clear
FN:22,__returned__.props
FNF:2
FNH:2
FNDA:1,clear
FNDA:13,__returned__.props
DA:1,1
DA:2,1
DA:3,1
DA:4,1
DA:5,1
DA:6,1
DA:7,1
DA:8,1
DA:9,1
DA:10,1
DA:11,1
DA:12,1
DA:13,1
DA:14,1
DA:15,1
DA:16,1
DA:17,1
DA:18,1
DA:19,1
DA:20,1
DA:21,1
DA:22,1
DA:23,1
DA:24,12
DA:25,12
DA:26,12
DA:27,12
DA:28,9
DA:29,9
DA:30,9
DA:31,9
DA:32,9
DA:33,9
DA:34,9
DA:35,9
DA:36,9
DA:37,9
DA:38,9
DA:39,1
DA:40,9
DA:41,9
DA:42,9
DA:43,9
DA:44,12
DA:45,12
DA:46,12
DA:47,12
DA:48,1
DA:49,1
DA:50,1
DA:51,1
DA:52,1
DA:53,1
DA:54,1
DA:55,1
LF:55
LH:55
BRDA:16,0,0,1
BRDA:22,1,0,13
BRDA:23,2,0,12
BRDA:27,3,0,9
BRDA:29,4,0,6
BRDA:33,5,0,3
BRDA:37,6,0,6
BRDA:38,7,0,1
BRF:8
BRH:8
end_of_record
